app/build/intermediates/manifest_merge_blame_file/debug/manifest-merger-blame-debug-report.txt
1<?xml version="1.0" encoding="utf-8"?>
2<manifest xmlns:android="http://schemas.android.com/apk/res/android"
3    package="com.example.template"
4    android:versionCode="1"
5    android:versionName="1.0" >
6
7    <uses-sdk
8        android:minSdkVersion="26"
8-->src\main\AndroidManifest.xml
9        android:targetSdkVersion="29" />
9-->src\main\AndroidManifest.xml
10
11    <uses-permission android:name="android.permission.INTERNET" />
11-->src\main\AndroidManifest.xml:5:5-67
11-->src\main\AndroidManifest.xml:5:22-64
12
13    <application
13-->src\main\AndroidManifest.xml:7:5-41:19
14        android:allowBackup="true"
14-->src\main\AndroidManifest.xml:8:9-35
15        android:appComponentFactory="androidx.core.app.CoreComponentFactory"
15-->[androidx.core:core:1.1.0] AndroidManifest.xml:24:18-86
16        android:debuggable="true"
17        android:icon="@mipmap/ic_launcher"
17-->src\main\AndroidManifest.xml:9:9-43
18        android:label="@string/app_name"
18-->src\main\AndroidManifest.xml:10:9-41
19        android:networkSecurityConfig="@xml/network_config"
19-->src\main\AndroidManifest.xml:11:9-60
20        android:roundIcon="@mipmap/ic_launcher_round"
20-->src\main\AndroidManifest.xml:12:9-54
21        android:supportsRtl="true"
21-->src\main\AndroidManifest.xml:13:9-35
22        android:testOnly="true"
23        android:theme="@style/AppTheme" >
23-->src\main\AndroidManifest.xml:14:9-40
24        <activity android:name="com.example.template.finance.spinner_of_month" />
24-->src\main\AndroidManifest.xml:15:9-71
24-->src\main\AndroidManifest.xml:15:19-59
25        <activity
25-->src\main\AndroidManifest.xml:16:9-24:20
26            android:name="com.example.template.Splashscreen"
26-->src\main\AndroidManifest.xml:17:13-41
27            android:theme="@style/AppTheme.Splash" >
27-->src\main\AndroidManifest.xml:18:13-51
28            <intent-filter>
28-->src\main\AndroidManifest.xml:19:13-23:29
29                <action android:name="android.intent.action.MAIN" />
29-->src\main\AndroidManifest.xml:20:17-69
29-->src\main\AndroidManifest.xml:20:25-66
30
31                <category android:name="android.intent.category.LAUNCHER" />
31-->src\main\AndroidManifest.xml:22:17-77
31-->src\main\AndroidManifest.xml:22:27-74
32            </intent-filter>
33        </activity>
34        <activity android:name="com.example.template.MainActivity" />
34-->src\main\AndroidManifest.xml:25:9-50
34-->src\main\AndroidManifest.xml:25:19-47
35        <activity
35-->src\main\AndroidManifest.xml:26:9-30:58
36            android:name="com.example.template.finance.addition_of_income"
36-->src\main\AndroidManifest.xml:27:13-55
37            android:resizeableActivity="true"
37-->src\main\AndroidManifest.xml:28:13-46
38            android:screenOrientation="portrait"
38-->src\main\AndroidManifest.xml:29:13-49
39            android:windowSoftInputMode="adjustResize" />
39-->src\main\AndroidManifest.xml:30:13-55
40        <activity
40-->src\main\AndroidManifest.xml:31:9-35:58
41            android:name="com.example.template.finance.Edit"
41-->src\main\AndroidManifest.xml:32:13-41
42            android:resizeableActivity="true"
42-->src\main\AndroidManifest.xml:33:13-46
43            android:screenOrientation="portrait"
43-->src\main\AndroidManifest.xml:34:13-49
44            android:windowSoftInputMode="adjustResize" />
44-->src\main\AndroidManifest.xml:35:13-55
45        <activity
45-->src\main\AndroidManifest.xml:36:9-40:58
46            android:name="com.example.template.finance.myfinance"
46-->src\main\AndroidManifest.xml:37:13-46
47            android:resizeableActivity="true"
47-->src\main\AndroidManifest.xml:38:13-46
48            android:screenOrientation="portrait"
48-->src\main\AndroidManifest.xml:39:13-49
49            android:windowSoftInputMode="adjustResize" />
49-->src\main\AndroidManifest.xml:40:13-55
50
51        <provider
51-->[com.squareup.picasso:picasso:2.71828] AndroidManifest.xml:8:9-11:40
52            android:name="com.squareup.picasso.PicassoProvider"
52-->[com.squareup.picasso:picasso:2.71828] AndroidManifest.xml:9:13-64
53            android:authorities="com.example.template.com.squareup.picasso"
53-->[com.squareup.picasso:picasso:2.71828] AndroidManifest.xml:10:13-72
54            android:exported="false" />
54-->[com.squareup.picasso:picasso:2.71828] AndroidManifest.xml:11:13-37
55        <provider
55-->[androidx.lifecycle:lifecycle-process:2.0.0] AndroidManifest.xml:23:9-27:43
56            android:name="androidx.lifecycle.ProcessLifecycleOwnerInitializer"
56-->[androidx.lifecycle:lifecycle-process:2.0.0] AndroidManifest.xml:24:13-79
57            android:authorities="com.example.template.lifecycle-process"
57-->[androidx.lifecycle:lifecycle-process:2.0.0] AndroidManifest.xml:25:13-69
58            android:exported="false"
58-->[androidx.lifecycle:lifecycle-process:2.0.0] AndroidManifest.xml:26:13-37
59            android:multiprocess="true" />
59-->[androidx.lifecycle:lifecycle-process:2.0.0] AndroidManifest.xml:27:13-40
60    </application>
61
62</manifest>